<?xml version="1.0" encoding="UTF-8"?>
<!-- Generated by org.testng.reporters.JUnitXMLReporter -->
<testsuite hostname="IS54" ignored="0" name="Default test(failed)" tests="1" failures="1" timestamp="02 Oct 2018 18:43:29 GMT" time="7.22" errors="0">
  <testcase name="testB" time="7.184" classname="com.datadriven.frame.testcases.Test1">
    <failure type="java.lang.NullPointerException">
      <![CDATA[java.lang.NullPointerException
	at com.datadriven.frame.testcases.Test1.testB(Test1.java:19)
... Removed 25 stack frames]]>
    </failure>
  </testcase> <!-- testB -->
</testsuite> <!-- Default test(failed) -->
