<?xml version="1.0" encoding="UTF-8"?>
<testng-results skipped="0" failed="0" ignored="0" total="3" passed="3">
  <reporter-output>
  </reporter-output>
  <suite name="Default suite" duration-ms="95161" started-at="2019-01-21T16:33:37Z" finished-at="2019-01-21T16:35:12Z">
    <groups>
    </groups>
    <test name="Default test" duration-ms="95161" started-at="2019-01-21T16:33:37Z" finished-at="2019-01-21T16:35:12Z">
      <class name="HollandCRM_Prod_Smoke.Access_ResourceRequirement_Resource_Sales">
        <test-method status="PASS" signature="init()[pri:0, instance:HollandCRM_Prod_Smoke.Access_ResourceRequirement_Resource_Sales@971d0d8]" name="init" is-config="true" duration-ms="7" started-at="2019-01-21T10:33:38Z" finished-at="2019-01-21T10:33:38Z">
          <reporter-output>
          </reporter-output>
        </test-method> <!-- init -->
        <test-method status="PASS" signature="Validate_AccessToListofResourceRequirment(java.util.Hashtable)[pri:1, instance:HollandCRM_Prod_Smoke.Access_ResourceRequirement_Resource_Sales@971d0d8]" name="Validate_AccessToListofResourceRequirment" duration-ms="56560" started-at="2019-01-21T10:33:38Z" data-provider="getData" finished-at="2019-01-21T10:34:34Z">
          <params>
            <param index="0">
              <value>
                <![CDATA[{Runmode=Y, Browser=Chrome}]]>
              </value>
            </param>
          </params>
          <reporter-output>
          </reporter-output>
        </test-method> <!-- Validate_AccessToListofResourceRequirment -->
        <test-method status="PASS" signature="init()[pri:0, instance:HollandCRM_Prod_Smoke.Access_ResourceRequirement_Resource_Sales@971d0d8]" name="init" is-config="true" duration-ms="1" started-at="2019-01-21T10:34:34Z" finished-at="2019-01-21T10:34:35Z">
          <reporter-output>
          </reporter-output>
        </test-method> <!-- init -->
        <test-method status="PASS" signature="Validate_NavToSelected_Requirement(java.util.Hashtable)[pri:2, instance:HollandCRM_Prod_Smoke.Access_ResourceRequirement_Resource_Sales@971d0d8]" name="Validate_NavToSelected_Requirement" duration-ms="19464" started-at="2019-01-21T10:34:35Z" data-provider="getData" finished-at="2019-01-21T10:34:54Z">
          <params>
            <param index="0">
              <value>
                <![CDATA[{Runmode=Y, Browser=Chrome}]]>
              </value>
            </param>
          </params>
          <reporter-output>
          </reporter-output>
        </test-method> <!-- Validate_NavToSelected_Requirement -->
        <test-method status="PASS" signature="init()[pri:0, instance:HollandCRM_Prod_Smoke.Access_ResourceRequirement_Resource_Sales@971d0d8]" name="init" is-config="true" duration-ms="0" started-at="2019-01-21T10:34:54Z" finished-at="2019-01-21T10:34:54Z">
          <reporter-output>
          </reporter-output>
        </test-method> <!-- init -->
        <test-method status="PASS" signature="Access_ResourceRequirement_Resource_Sales()[pri:3, instance:HollandCRM_Prod_Smoke.Access_ResourceRequirement_Resource_Sales@971d0d8]" name="Access_ResourceRequirement_Resource_Sales" duration-ms="5" started-at="2019-01-21T10:34:54Z" finished-at="2019-01-21T10:34:54Z">
          <reporter-output>
          </reporter-output>
        </test-method> <!-- Access_ResourceRequirement_Resource_Sales -->
        <test-method status="PASS" signature="quit()[pri:0, instance:HollandCRM_Prod_Smoke.Access_ResourceRequirement_Resource_Sales@971d0d8]" name="quit" is-config="true" duration-ms="17731" started-at="2019-01-21T10:34:54Z" finished-at="2019-01-21T10:35:12Z">
          <reporter-output>
          </reporter-output>
        </test-method> <!-- quit -->
      </class> <!-- HollandCRM_Prod_Smoke.Access_ResourceRequirement_Resource_Sales -->
    </test> <!-- Default test -->
  </suite> <!-- Default suite -->
</testng-results>
