<?xml version="1.0" encoding="UTF-8"?>
<!-- Generated by org.testng.reporters.JUnitXMLReporter -->
<testsuite hostname="IS54" failures="2" tests="3" name="Test4" time="7.726" errors="0" timestamp="21 Jan 2019 16:32:24 GMT">
  <testcase classname="HollandCRM_Prod_Smoke.Access_ResourceRequirement_Resource_Sales" name="@AfterTest quit" time="0.0">
    <failure type="java.lang.NullPointerException">
      <![CDATA[java.lang.NullPointerException
	at com.datadriven.frame.base.BaseTest.DefaultLanding(BaseTest.java:332)
	at com.datadriven.frame.base.BaseTest.signOut(BaseTest.java:418)
	at HollandCRM_Prod_Smoke.Access_ResourceRequirement_Resource_Sales.quit(Access_ResourceRequirement_Resource_Sales.java:112)
	at java.base/java.util.concurrent.FutureTask.run(FutureTask.java:264)
	at java.base/java.util.concurrent.ThreadPoolExecutor.runWorker(ThreadPoolExecutor.java:1135)
	at java.base/java.util.concurrent.ThreadPoolExecutor$Worker.run(ThreadPoolExecutor.java:635)
	at java.base/java.lang.Thread.run(Thread.java:844)
... Removed 14 stack frames]]>
    </failure>
  </testcase> <!-- @AfterTest quit -->
  <testcase classname="HollandCRM_Prod_Smoke.Access_ResourceRequirement_Resource_Sales" name="Validate_AccessToListofResourceRequirment" time="3.445">
    <failure type="java.lang.NullPointerException">
      <![CDATA[java.lang.NullPointerException
	at com.datadriven.frame.base.BaseTest.openBrowser(BaseTest.java:156)
	at HollandCRM_Prod_Smoke.Access_ResourceRequirement_Resource_Sales.Validate_AccessToListofResourceRequirment(Access_ResourceRequirement_Resource_Sales.java:47)
	at java.base/java.util.concurrent.FutureTask.run(FutureTask.java:264)
	at java.base/java.util.concurrent.Executors$RunnableAdapter.call(Executors.java:514)
	at java.base/java.util.concurrent.FutureTask.run(FutureTask.java:264)
	at java.base/java.util.concurrent.ThreadPoolExecutor.runWorker(ThreadPoolExecutor.java:1135)
	at java.base/java.util.concurrent.ThreadPoolExecutor$Worker.run(ThreadPoolExecutor.java:635)
	at java.base/java.lang.Thread.run(Thread.java:844)
... Removed 9 stack frames]]>
    </failure>
  </testcase> <!-- Validate_AccessToListofResourceRequirment -->
  <testcase classname="HollandCRM_Prod_Smoke.Access_ResourceRequirement_Resource_Sales" name="Validate_NavToSelected_Requirement" time="0.0">
    <failure type="java.lang.NullPointerException">
      <![CDATA[java.lang.NullPointerException
	at com.datadriven.frame.base.BaseTest.DefaultLanding(BaseTest.java:332)
	at HollandCRM_Prod_Smoke.Access_ResourceRequirement_Resource_Sales.Validate_NavToSelected_Requirement(Access_ResourceRequirement_Resource_Sales.java:66)
	at java.base/java.util.concurrent.FutureTask.run(FutureTask.java:264)
	at java.base/java.util.concurrent.Executors$RunnableAdapter.call(Executors.java:514)
	at java.base/java.util.concurrent.FutureTask.run(FutureTask.java:264)
	at java.base/java.util.concurrent.ThreadPoolExecutor.runWorker(ThreadPoolExecutor.java:1135)
	at java.base/java.util.concurrent.ThreadPoolExecutor$Worker.run(ThreadPoolExecutor.java:635)
	at java.base/java.lang.Thread.run(Thread.java:844)
... Removed 9 stack frames]]>
    </failure>
  </testcase> <!-- Validate_NavToSelected_Requirement -->
  <testcase classname="HollandCRM_Prod_Smoke.Access_ResourceRequirement_Resource_Sales" name="Access_ResourceRequirement_Resource_Sales" time="0.006"/>
</testsuite> <!-- Test4 -->
