<?xml version="1.0" encoding="UTF-8"?>
<!-- Generated by org.testng.reporters.JUnitXMLReporter -->
<testsuite hostname="IS54" failures="1" tests="3" name="Test2" time="7.512" errors="0" timestamp="21 Jan 2019 16:32:23 GMT">
  <testcase classname="HollandCRM_Prod_Smoke.Access_Resource_Resourcelist_Sales" name="@AfterTest quit" time="0.0">
    <failure type="java.lang.NullPointerException">
      <![CDATA[java.lang.NullPointerException
	at com.datadriven.frame.base.BaseTest.DefaultLanding(BaseTest.java:332)
	at com.datadriven.frame.base.BaseTest.signOut(BaseTest.java:418)
	at HollandCRM_Prod_Smoke.Access_Resource_Resourcelist_Sales.quit(Access_Resource_Resourcelist_Sales.java:138)
	at java.base/java.util.concurrent.FutureTask.run(FutureTask.java:264)
	at java.base/java.util.concurrent.ThreadPoolExecutor.runWorker(ThreadPoolExecutor.java:1135)
	at java.base/java.util.concurrent.ThreadPoolExecutor$Worker.run(ThreadPoolExecutor.java:635)
	at java.base/java.lang.Thread.run(Thread.java:844)
... Removed 14 stack frames]]>
    </failure>
  </testcase> <!-- @AfterTest quit -->
  <testcase classname="HollandCRM_Prod_Smoke.Access_Resource_Resourcelist_Sales" name="ValidateAccessToResourceUnderSales" time="3.311">
    <failure type="java.lang.NullPointerException">
      <![CDATA[java.lang.NullPointerException
	at com.datadriven.frame.base.BaseTest.openBrowser(BaseTest.java:156)
	at HollandCRM_Prod_Smoke.Access_Resource_Resourcelist_Sales.ValidateAccessToResourceUnderSales(Access_Resource_Resourcelist_Sales.java:44)
	at java.base/java.util.concurrent.FutureTask.run(FutureTask.java:264)
	at java.base/java.util.concurrent.Executors$RunnableAdapter.call(Executors.java:514)
	at java.base/java.util.concurrent.FutureTask.run(FutureTask.java:264)
	at java.base/java.util.concurrent.ThreadPoolExecutor.runWorker(ThreadPoolExecutor.java:1135)
	at java.base/java.util.concurrent.ThreadPoolExecutor$Worker.run(ThreadPoolExecutor.java:635)
	at java.base/java.lang.Thread.run(Thread.java:844)
... Removed 9 stack frames]]>
    </failure>
  </testcase> <!-- ValidateAccessToResourceUnderSales -->
  <testcase classname="HollandCRM_Prod_Smoke.Access_Resource_Resourcelist_Sales" name="Validate_NavToSelectedResource_Name_Displayed" time="0.0">
    <skipped/>
  </testcase> <!-- Validate_NavToSelectedResource_Name_Displayed -->
  <testcase classname="HollandCRM_Prod_Smoke.Access_Resource_Resourcelist_Sales" name="Access_Resource_Resourcelist_Sales" time="0.0">
    <skipped/>
  </testcase> <!-- Access_Resource_Resourcelist_Sales -->
</testsuite> <!-- Test2 -->
