<?xml version="1.0" encoding="UTF-8"?>
<!-- Generated by org.testng.reporters.JUnitXMLReporter -->
<testsuite hostname="IS54" failures="2" tests="2" name="Test5" time="7.638" errors="0" timestamp="21 Jan 2019 16:32:24 GMT">
  <testcase classname="HollandCRM_Prod_Smoke.Access_ResourceRoles_Resourcelist_Sales" name="@AfterTest quit" time="0.0">
    <failure type="java.lang.NullPointerException">
      <![CDATA[java.lang.NullPointerException
	at com.datadriven.frame.base.BaseTest.DefaultLanding(BaseTest.java:332)
	at com.datadriven.frame.base.BaseTest.signOut(BaseTest.java:418)
	at HollandCRM_Prod_Smoke.Access_ResourceRoles_Resourcelist_Sales.quit(Access_ResourceRoles_Resourcelist_Sales.java:105)
	at java.base/java.util.concurrent.FutureTask.run(FutureTask.java:264)
	at java.base/java.util.concurrent.ThreadPoolExecutor.runWorker(ThreadPoolExecutor.java:1135)
	at java.base/java.util.concurrent.ThreadPoolExecutor$Worker.run(ThreadPoolExecutor.java:635)
	at java.base/java.lang.Thread.run(Thread.java:844)
... Removed 14 stack frames]]>
    </failure>
  </testcase> <!-- @AfterTest quit -->
  <testcase classname="HollandCRM_Prod_Smoke.Access_ResourceRoles_Resourcelist_Sales" name="Access_Resourcelist_Sales" time="3.356">
    <failure type="java.lang.NullPointerException">
      <![CDATA[java.lang.NullPointerException
	at com.datadriven.frame.base.BaseTest.openBrowser(BaseTest.java:156)
	at HollandCRM_Prod_Smoke.Access_ResourceRoles_Resourcelist_Sales.Access_Resourcelist_Sales(Access_ResourceRoles_Resourcelist_Sales.java:46)
	at java.base/java.util.concurrent.FutureTask.run(FutureTask.java:264)
	at java.base/java.util.concurrent.Executors$RunnableAdapter.call(Executors.java:514)
	at java.base/java.util.concurrent.FutureTask.run(FutureTask.java:264)
	at java.base/java.util.concurrent.ThreadPoolExecutor.runWorker(ThreadPoolExecutor.java:1135)
	at java.base/java.util.concurrent.ThreadPoolExecutor$Worker.run(ThreadPoolExecutor.java:635)
	at java.base/java.lang.Thread.run(Thread.java:844)
... Removed 9 stack frames]]>
    </failure>
  </testcase> <!-- Access_Resourcelist_Sales -->
  <testcase classname="HollandCRM_Prod_Smoke.Access_ResourceRoles_Resourcelist_Sales" name="Validate_NavToSelectedProject_Name_Displayed" time="0.0">
    <failure type="java.lang.NullPointerException">
      <![CDATA[java.lang.NullPointerException
	at com.datadriven.frame.base.BaseTest.DefaultLanding(BaseTest.java:332)
	at HollandCRM_Prod_Smoke.Access_ResourceRoles_Resourcelist_Sales.Validate_NavToSelectedProject_Name_Displayed(Access_ResourceRoles_Resourcelist_Sales.java:68)
	at java.base/java.util.concurrent.FutureTask.run(FutureTask.java:264)
	at java.base/java.util.concurrent.Executors$RunnableAdapter.call(Executors.java:514)
	at java.base/java.util.concurrent.FutureTask.run(FutureTask.java:264)
	at java.base/java.util.concurrent.ThreadPoolExecutor.runWorker(ThreadPoolExecutor.java:1135)
	at java.base/java.util.concurrent.ThreadPoolExecutor$Worker.run(ThreadPoolExecutor.java:635)
	at java.base/java.lang.Thread.run(Thread.java:844)
... Removed 9 stack frames]]>
    </failure>
  </testcase> <!-- Validate_NavToSelectedProject_Name_Displayed -->
</testsuite> <!-- Test5 -->
