<?xml version="1.0" encoding="UTF-8"?>
<!-- Generated by org.testng.reporters.JUnitXMLReporter -->
<testsuite hostname="IS54" ignored="0" name="Test" tests="2" failures="1" timestamp="16 Nov 2018 15:17:21 GMT" time="8.508" errors="0">
  <testcase name="@AfterMethod quit" time="0.0" classname="com.datadriven.frame.testcases.Access_Resource_Resourcelist_Sales">
    <failure type="org.openqa.selenium.NoSuchSessionException" message="Session ID is null. Using WebDriver after calling quit()?
Build info: version: &amp;apos;3.11.0&amp;apos;, revision: &amp;apos;e59cfb3&amp;apos;, time: &amp;apos;2018-03-11T20:26:55.152Z&amp;apos;
System info: host: &amp;apos;IS54&amp;apos;, ip: &amp;apos;192.168.1.9&amp;apos;, os.name: &amp;apos;Windows 10&amp;apos;, os.arch: &amp;apos;amd64&amp;apos;, os.version: &amp;apos;10.0&amp;apos;, java.version: &amp;apos;1.8.0_181&amp;apos;
Driver info: driver.version: RemoteWebDriver">
      <![CDATA[org.openqa.selenium.NoSuchSessionException: Session ID is null. Using WebDriver after calling quit()?
Build info: version: '3.11.0', revision: 'e59cfb3', time: '2018-03-11T20:26:55.152Z'
System info: host: 'IS54', ip: '192.168.1.9', os.name: 'Windows 10', os.arch: 'amd64', os.version: '10.0', java.version: '1.8.0_181'
Driver info: driver.version: RemoteWebDriver
	at org.openqa.selenium.remote.HttpCommandExecutor.execute(HttpCommandExecutor.java:125)
	at org.openqa.selenium.remote.service.DriverCommandExecutor.execute(DriverCommandExecutor.java:83)
	at org.openqa.selenium.remote.RemoteWebDriver.execute(RemoteWebDriver.java:545)
	at org.openqa.selenium.remote.RemoteWebDriver.execute(RemoteWebDriver.java:602)
	at org.openqa.selenium.remote.RemoteWebDriver.getScreenshotAs(RemoteWebDriver.java:291)
	at com.datadriven.frame.base.BaseTest.takeScreenShot(BaseTest.java:251)
	at com.datadriven.frame.base.BaseTest.reportFailure(BaseTest.java:241)
	at com.datadriven.frame.base.BaseTest.getElement(BaseTest.java:182)
	at com.datadriven.frame.base.BaseTest.click(BaseTest.java:143)
	at com.datadriven.frame.base.BaseTest.signOut(BaseTest.java:326)
	at com.datadriven.frame.testcases.Access_Resource_Resourcelist_Sales.quit(Access_Resource_Resourcelist_Sales.java:108)
	at java.util.concurrent.FutureTask.run(Unknown Source)
	at java.util.concurrent.Executors$RunnableAdapter.call(Unknown Source)
	at java.util.concurrent.FutureTask.run(Unknown Source)
	at java.util.concurrent.ThreadPoolExecutor.runWorker(Unknown Source)
	at java.util.concurrent.ThreadPoolExecutor$Worker.run(Unknown Source)
	at java.lang.Thread.run(Unknown Source)
... Removed 11 stack frames]]>
    </failure>
  </testcase> <!-- @AfterMethod quit -->
  <testcase name="@BeforeMethod init" time="0.0" classname="com.datadriven.frame.testcases.Access_Resource_Resourcelist_Sales">
    <skipped/>
  </testcase> <!-- @BeforeMethod init -->
  <testcase name="@AfterMethod quit" time="0.0" classname="com.datadriven.frame.testcases.Access_Resource_Resourcelist_Sales">
    <skipped/>
  </testcase> <!-- @AfterMethod quit -->
  <testcase name="ValidateAccessToResourceUnderSales" time="5.366" classname="com.datadriven.frame.testcases.Access_Resource_Resourcelist_Sales">
    <failure type="java.lang.NullPointerException">
      <![CDATA[java.lang.NullPointerException
	at com.datadriven.frame.base.BaseTest.navigate(BaseTest.java:136)
	at com.datadriven.frame.testcases.Access_Resource_Resourcelist_Sales.ValidateAccessToResourceUnderSales(Access_Resource_Resourcelist_Sales.java:45)
	at java.util.concurrent.FutureTask.run(Unknown Source)
	at java.util.concurrent.Executors$RunnableAdapter.call(Unknown Source)
	at java.util.concurrent.FutureTask.run(Unknown Source)
	at java.util.concurrent.ThreadPoolExecutor.runWorker(Unknown Source)
	at java.util.concurrent.ThreadPoolExecutor$Worker.run(Unknown Source)
	at java.lang.Thread.run(Unknown Source)
... Removed 9 stack frames]]>
    </failure>
  </testcase> <!-- ValidateAccessToResourceUnderSales -->
  <testcase name="Validate_NavToSelectedResource_Name_Displayed" time="0.003" classname="com.datadriven.frame.testcases.Access_Resource_Resourcelist_Sales">
    <skipped/>
  </testcase> <!-- Validate_NavToSelectedResource_Name_Displayed -->
</testsuite> <!-- Test -->
