<?xml version="1.0" encoding="UTF-8"?>
<!-- Generated by org.testng.reporters.JUnitXMLReporter -->
<testsuite hostname="IS54" failures="0" tests="2" name="Test5" time="153.194" errors="0" timestamp="24 Jul 2019 15:15:20 GMT">
  <testcase classname="HollandCRM_Prod_Smoke.Access_ResourceRoles_Resourcelist_Sales" name="Access_Resourcelist_Sales" time="120.314"/>
  <testcase classname="HollandCRM_Prod_Smoke.Access_ResourceRoles_Resourcelist_Sales" name="Validate_NavToSelectedProject_Name_Displayed" time="11.894"/>
</testsuite> <!-- Test5 -->
