<?xml version="1.0" encoding="UTF-8"?>
<!-- Generated by org.testng.reporters.JUnitXMLReporter -->
<testsuite hostname="IS54" failures="3" tests="4" name="TestC" time="5.946" errors="0" timestamp="6 Nov 2018 17:21:55 GMT">
  <testcase classname="com.datadriven.frame.testcases.DummyTestC" name="TestC" time="0.0">
    <failure type="java.lang.NullPointerException">
      <![CDATA[java.lang.NullPointerException
	at com.datadriven.frame.base.BaseTest.openBrowser(BaseTest.java:122)
	at com.datadriven.frame.testcases.DummyTestC.TestC(DummyTestC.java:24)
	at java.base/java.util.concurrent.FutureTask.run(FutureTask.java:264)
	at java.base/java.util.concurrent.Executors$RunnableAdapter.call(Executors.java:514)
	at java.base/java.util.concurrent.FutureTask.run(FutureTask.java:264)
	at java.base/java.util.concurrent.ThreadPoolExecutor.runWorker(ThreadPoolExecutor.java:1135)
	at java.base/java.util.concurrent.ThreadPoolExecutor$Worker.run(ThreadPoolExecutor.java:635)
	at java.base/java.lang.Thread.run(Thread.java:844)
... Removed 9 stack frames]]>
    </failure>
  </testcase> <!-- TestC -->
  <testcase classname="com.datadriven.frame.testcases.DummyTestC" name="TestC" time="0.002">
    <failure type="java.lang.NullPointerException">
      <![CDATA[java.lang.NullPointerException
	at com.datadriven.frame.base.BaseTest.openBrowser(BaseTest.java:122)
	at com.datadriven.frame.testcases.DummyTestC.TestC(DummyTestC.java:24)
	at java.base/java.util.concurrent.FutureTask.run(FutureTask.java:264)
	at java.base/java.util.concurrent.Executors$RunnableAdapter.call(Executors.java:514)
	at java.base/java.util.concurrent.FutureTask.run(FutureTask.java:264)
	at java.base/java.util.concurrent.ThreadPoolExecutor.runWorker(ThreadPoolExecutor.java:1135)
	at java.base/java.util.concurrent.ThreadPoolExecutor$Worker.run(ThreadPoolExecutor.java:635)
	at java.base/java.lang.Thread.run(Thread.java:844)
... Removed 9 stack frames]]>
    </failure>
  </testcase> <!-- TestC -->
  <testcase classname="com.datadriven.frame.testcases.DummyTestC" name="TestC" time="0.002">
    <failure type="java.lang.NullPointerException">
      <![CDATA[java.lang.NullPointerException
	at com.datadriven.frame.base.BaseTest.openBrowser(BaseTest.java:122)
	at com.datadriven.frame.testcases.DummyTestC.TestC(DummyTestC.java:24)
	at java.base/java.util.concurrent.FutureTask.run(FutureTask.java:264)
	at java.base/java.util.concurrent.Executors$RunnableAdapter.call(Executors.java:514)
	at java.base/java.util.concurrent.FutureTask.run(FutureTask.java:264)
	at java.base/java.util.concurrent.ThreadPoolExecutor.runWorker(ThreadPoolExecutor.java:1135)
	at java.base/java.util.concurrent.ThreadPoolExecutor$Worker.run(ThreadPoolExecutor.java:635)
	at java.base/java.lang.Thread.run(Thread.java:844)
... Removed 9 stack frames]]>
    </failure>
  </testcase> <!-- TestC -->
  <testcase classname="com.datadriven.frame.testcases.DummyTestC" name="TestC" time="4.145"/>
</testsuite> <!-- TestC -->
