<?xml version="1.0" encoding="UTF-8"?>
<!-- Generated by org.testng.reporters.JUnitXMLReporter -->
<testsuite hostname="IS54" failures="0" tests="3" name="Test9" time="84.889" errors="0" timestamp="24 Jul 2019 15:16:50 GMT">
  <testcase classname="HollandCRM_Prod_Smoke.Validate_OppotunitiesCanbeOpened_UnderSales_Opportunities" name="Validate_AccessToListofOpportunities" time="42.79"/>
  <testcase classname="HollandCRM_Prod_Smoke.Validate_OppotunitiesCanbeOpened_UnderSales_Opportunities" name="Validate_OpportunitySelected_Name_Displayed" time="29.064"/>
  <testcase classname="HollandCRM_Prod_Smoke.Validate_OppotunitiesCanbeOpened_UnderSales_Opportunities" name="Validate_AccountName_Displayed_AccountListUnderSales4" time="0.125"/>
</testsuite> <!-- Test9 -->
